Example app listening on port 3000!
events.js:196
      throw er; // Unhandled 'error' event
      ^

Error: listen EADDRINUSE: address already in use :::3000
    at Server.setupListenHandle [as _listen2] (net.js:1308:16)
    at listenInCluster (net.js:1356:12)
    at Server.listen (net.js:1444:7)
    at Function.listen (/Users/20583/Desktop/vscodeProjects/Server-Stuff/node_modules/express/lib/application.js:618:24)
    at Object.<anonymous> (/Users/20583/Desktop/vscodeProjects/Server-Stuff/index.js:15:5)
    at Module._compile (internal/modules/cjs/loader.js:1128:30)
    at Object.Module._extensions..js (internal/modules/cjs/loader.js:1167:10)
    at Module.load (internal/modules/cjs/loader.js:983:32)
    at Function.Module._load (internal/modules/cjs/loader.js:891:14)
    at Function.executeUserEntryPoint [as runMain] (internal/modules/run_main.js:71:12)
Emitted 'error' event on Server instance at:
    at emitErrorNT (net.js:1335:8)
    at processTicksAndRejections (internal/process/task_queues.js:84:21) {
  code: 'EADDRINUSE',
  errno: -48,
  syscall: 'listen',
  address: '::',
  port: 3000
}
events.js:196
      throw er; // Unhandled 'error' event
      ^

Error: listen EADDRINUSE: address already in use :::3000
    at Server.setupListenHandle [as _listen2] (net.js:1308:16)
    at listenInCluster (net.js:1356:12)
    at Server.listen (net.js:1444:7)
    at Function.listen (/Users/20583/Desktop/vscodeProjects/Server-Stuff/node_modules/express/lib/application.js:618:24)
    at Object.<anonymous> (/Users/20583/Desktop/vscodeProjects/Server-Stuff/index.js:16:5)
    at Module._compile (internal/modules/cjs/loader.js:1128:30)
    at Object.Module._extensions..js (internal/modules/cjs/loader.js:1167:10)
    at Module.load (internal/modules/cjs/loader.js:983:32)
    at Function.Module._load (internal/modules/cjs/loader.js:891:14)
    at Function.executeUserEntryPoint [as runMain] (internal/modules/run_main.js:71:12)
Emitted 'error' event on Server instance at:
    at emitErrorNT (net.js:1335:8)
    at processTicksAndRejections (internal/process/task_queues.js:84:21) {
  code: 'EADDRINUSE',
  errno: -48,
  syscall: 'listen',
  address: '::',
  port: 3000
}
events.js:196
      throw er; // Unhandled 'error' event
      ^

Error: listen EADDRINUSE: address already in use :::3000
    at Server.setupListenHandle [as _listen2] (net.js:1308:16)
    at listenInCluster (net.js:1356:12)
    at Server.listen (net.js:1444:7)
    at Function.listen (/Users/20583/Desktop/vscodeProjects/Server-Stuff/node_modules/express/lib/application.js:618:24)
    at Object.<anonymous> (/Users/20583/Desktop/vscodeProjects/Server-Stuff/index.js:16:5)
    at Module._compile (internal/modules/cjs/loader.js:1128:30)
    at Object.Module._extensions..js (internal/modules/cjs/loader.js:1167:10)
    at Module.load (internal/modules/cjs/loader.js:983:32)
    at Function.Module._load (internal/modules/cjs/loader.js:891:14)
    at Function.executeUserEntryPoint [as runMain] (internal/modules/run_main.js:71:12)
Emitted 'error' event on Server instance at:
    at emitErrorNT (net.js:1335:8)
    at processTicksAndRejections (internal/process/task_queues.js:84:21) {
  code: 'EADDRINUSE',
  errno: -48,
  syscall: 'listen',
  address: '::',
  port: 3000
}
